Analysis & Synthesis report for clock
Mon Feb 27 17:59:56 2023
Quartus Prime Version 18.1.0 Build 625 09/12/2018 SJ Lite Edition


---------------------
; Table of Contents ;
---------------------
  1. Legal Notice
  2. Analysis & Synthesis Summary
  3. Analysis & Synthesis Settings
  4. Parallel Compilation
  5. Analysis & Synthesis Source Files Read
  6. Analysis & Synthesis Resource Usage Summary
  7. Analysis & Synthesis Resource Utilization by Entity
  8. User-Specified and Inferred Latches
  9. General Register Statistics
 10. Multiplexer Restructuring Statistics (Restructuring Performed)
 11. Post-Synthesis Netlist Statistics for Top Partition
 12. Elapsed Time Per Partition
 13. Analysis & Synthesis Messages



----------------
; Legal Notice ;
----------------
Copyright (C) 2018  Intel Corporation. All rights reserved.
Your use of Intel Corporation's design tools, logic functions 
and other software and tools, and its AMPP partner logic 
functions, and any output files from any of the foregoing 
(including device programming or simulation files), and any 
associated documentation or information are expressly subject 
to the terms and conditions of the Intel Program License 
Subscription Agreement, the Intel Quartus Prime License Agreement,
the Intel FPGA IP License Agreement, or other applicable license
agreement, including, without limitation, that your use is for
the sole purpose of programming logic devices manufactured by
Intel and sold by Intel or its authorized distributors.  Please
refer to the applicable agreement for further details.



+-------------------------------------------------------------------------------+
; Analysis & Synthesis Summary                                                  ;
+---------------------------------+---------------------------------------------+
; Analysis & Synthesis Status     ; Successful - Mon Feb 27 17:59:56 2023       ;
; Quartus Prime Version           ; 18.1.0 Build 625 09/12/2018 SJ Lite Edition ;
; Revision Name                   ; clock                                       ;
; Top-level Entity Name           ; clock                                       ;
; Family                          ; Cyclone V                                   ;
; Logic utilization (in ALMs)     ; N/A                                         ;
; Total registers                 ; 54                                          ;
; Total pins                      ; 58                                          ;
; Total virtual pins              ; 0                                           ;
; Total block memory bits         ; 0                                           ;
; Total DSP Blocks                ; 0                                           ;
; Total HSSI RX PCSs              ; 0                                           ;
; Total HSSI PMA RX Deserializers ; 0                                           ;
; Total HSSI TX PCSs              ; 0                                           ;
; Total HSSI PMA TX Serializers   ; 0                                           ;
; Total PLLs                      ; 0                                           ;
; Total DLLs                      ; 0                                           ;
+---------------------------------+---------------------------------------------+


+---------------------------------------------------------------------------------------------------------------------------+
; Analysis & Synthesis Settings                                                                                             ;
+---------------------------------------------------------------------------------+--------------------+--------------------+
; Option                                                                          ; Setting            ; Default Value      ;
+---------------------------------------------------------------------------------+--------------------+--------------------+
; Device                                                                          ; 5CEBA4F23C7        ;                    ;
; Top-level entity name                                                           ; clock              ; clock              ;
; Family name                                                                     ; Cyclone V          ; Cyclone V          ;
; Use smart compilation                                                           ; Off                ; Off                ;
; Enable parallel Assembler and Timing Analyzer during compilation                ; On                 ; On                 ;
; Enable compact report table                                                     ; Off                ; Off                ;
; Restructure Multiplexers                                                        ; Auto               ; Auto               ;
; MLAB Add Timing Constraints For Mixed-Port Feed-Through Mode Setting Don't Care ; Off                ; Off                ;
; Create Debugging Nodes for IP Cores                                             ; Off                ; Off                ;
; Preserve fewer node names                                                       ; On                 ; On                 ;
; Intel FPGA IP Evaluation Mode                                                   ; Enable             ; Enable             ;
; Verilog Version                                                                 ; Verilog_2001       ; Verilog_2001       ;
; VHDL Version                                                                    ; VHDL_1993          ; VHDL_1993          ;
; State Machine Processing                                                        ; Auto               ; Auto               ;
; Safe State Machine                                                              ; Off                ; Off                ;
; Extract Verilog State Machines                                                  ; On                 ; On                 ;
; Extract VHDL State Machines                                                     ; On                 ; On                 ;
; Ignore Verilog initial constructs                                               ; Off                ; Off                ;
; Iteration limit for constant Verilog loops                                      ; 5000               ; 5000               ;
; Iteration limit for non-constant Verilog loops                                  ; 250                ; 250                ;
; Add Pass-Through Logic to Inferred RAMs                                         ; On                 ; On                 ;
; Infer RAMs from Raw Logic                                                       ; On                 ; On                 ;
; Parallel Synthesis                                                              ; On                 ; On                 ;
; DSP Block Balancing                                                             ; Auto               ; Auto               ;
; NOT Gate Push-Back                                                              ; On                 ; On                 ;
; Power-Up Don't Care                                                             ; On                 ; On                 ;
; Remove Redundant Logic Cells                                                    ; Off                ; Off                ;
; Remove Duplicate Registers                                                      ; On                 ; On                 ;
; Ignore CARRY Buffers                                                            ; Off                ; Off                ;
; Ignore CASCADE Buffers                                                          ; Off                ; Off                ;
; Ignore GLOBAL Buffers                                                           ; Off                ; Off                ;
; Ignore ROW GLOBAL Buffers                                                       ; Off                ; Off                ;
; Ignore LCELL Buffers                                                            ; Off                ; Off                ;
; Ignore SOFT Buffers                                                             ; On                 ; On                 ;
; Limit AHDL Integers to 32 Bits                                                  ; Off                ; Off                ;
; Optimization Technique                                                          ; Balanced           ; Balanced           ;
; Carry Chain Length                                                              ; 70                 ; 70                 ;
; Auto Carry Chains                                                               ; On                 ; On                 ;
; Auto Open-Drain Pins                                                            ; On                 ; On                 ;
; Perform WYSIWYG Primitive Resynthesis                                           ; Off                ; Off                ;
; Auto ROM Replacement                                                            ; On                 ; On                 ;
; Auto RAM Replacement                                                            ; On                 ; On                 ;
; Auto DSP Block Replacement                                                      ; On                 ; On                 ;
; Auto Shift Register Replacement                                                 ; Auto               ; Auto               ;
; Allow Shift Register Merging across Hierarchies                                 ; Auto               ; Auto               ;
; Auto Clock Enable Replacement                                                   ; On                 ; On                 ;
; Strict RAM Replacement                                                          ; Off                ; Off                ;
; Allow Synchronous Control Signals                                               ; On                 ; On                 ;
; Force Use of Synchronous Clear Signals                                          ; Off                ; Off                ;
; Auto Resource Sharing                                                           ; Off                ; Off                ;
; Allow Any RAM Size For Recognition                                              ; Off                ; Off                ;
; Allow Any ROM Size For Recognition                                              ; Off                ; Off                ;
; Allow Any Shift Register Size For Recognition                                   ; Off                ; Off                ;
; Use LogicLock Constraints during Resource Balancing                             ; On                 ; On                 ;
; Ignore translate_off and synthesis_off directives                               ; Off                ; Off                ;
; Timing-Driven Synthesis                                                         ; On                 ; On                 ;
; Report Parameter Settings                                                       ; On                 ; On                 ;
; Report Source Assignments                                                       ; On                 ; On                 ;
; Report Connectivity Checks                                                      ; On                 ; On                 ;
; Ignore Maximum Fan-Out Assignments                                              ; Off                ; Off                ;
; Synchronization Register Chain Length                                           ; 3                  ; 3                  ;
; Power Optimization During Synthesis                                             ; Normal compilation ; Normal compilation ;
; HDL message level                                                               ; Level2             ; Level2             ;
; Suppress Register Optimization Related Messages                                 ; Off                ; Off                ;
; Number of Removed Registers Reported in Synthesis Report                        ; 5000               ; 5000               ;
; Number of Swept Nodes Reported in Synthesis Report                              ; 5000               ; 5000               ;
; Number of Inverted Registers Reported in Synthesis Report                       ; 100                ; 100                ;
; Clock MUX Protection                                                            ; On                 ; On                 ;
; Auto Gated Clock Conversion                                                     ; Off                ; Off                ;
; Block Design Naming                                                             ; Auto               ; Auto               ;
; SDC constraint protection                                                       ; Off                ; Off                ;
; Synthesis Effort                                                                ; Auto               ; Auto               ;
; Shift Register Replacement - Allow Asynchronous Clear Signal                    ; On                 ; On                 ;
; Pre-Mapping Resynthesis Optimization                                            ; Off                ; Off                ;
; Analysis & Synthesis Message Level                                              ; Medium             ; Medium             ;
; Disable Register Merging Across Hierarchies                                     ; Auto               ; Auto               ;
; Resource Aware Inference For Block RAM                                          ; On                 ; On                 ;
; Automatic Parallel Synthesis                                                    ; On                 ; On                 ;
; Partial Reconfiguration Bitstream ID                                            ; Off                ; Off                ;
+---------------------------------------------------------------------------------+--------------------+--------------------+


+------------------------------------------+
; Parallel Compilation                     ;
+----------------------------+-------------+
; Processors                 ; Number      ;
+----------------------------+-------------+
; Number detected on machine ; 8           ;
; Maximum allowed            ; 4           ;
;                            ;             ;
; Average used               ; 1.00        ;
; Maximum used               ; 4           ;
;                            ;             ;
; Usage by Processor         ; % Time Used ;
;     Processor 1            ; 100.0%      ;
;     Processor 2            ;   0.0%      ;
;     Processors 3-4         ;   0.0%      ;
+----------------------------+-------------+


+----------------------------------------------------------------------------------------------------------------------------------------+
; Analysis & Synthesis Source Files Read                                                                                                 ;
+----------------------------------+-----------------+-----------------+-------------------------------------------------------+---------+
; File Name with User-Entered Path ; Used in Netlist ; File Type       ; File Name with Absolute Path                          ; Library ;
+----------------------------------+-----------------+-----------------+-------------------------------------------------------+---------+
; clock.vhd                        ; yes             ; User VHDL File  ; C:/Users/fishr/Documents/UBC/CPEN 312/Lab 3/clock.vhd ;         ;
+----------------------------------+-----------------+-----------------+-------------------------------------------------------+---------+


+------------------------------------------------------------+
; Analysis & Synthesis Resource Usage Summary                ;
+---------------------------------------------+--------------+
; Resource                                    ; Usage        ;
+---------------------------------------------+--------------+
; Estimate of Logic utilization (ALMs needed) ; 109          ;
;                                             ;              ;
; Combinational ALUT usage for logic          ; 207          ;
;     -- 7 input functions                    ; 0            ;
;     -- 6 input functions                    ; 10           ;
;     -- 5 input functions                    ; 8            ;
;     -- 4 input functions                    ; 95           ;
;     -- <=3 input functions                  ; 94           ;
;                                             ;              ;
; Dedicated logic registers                   ; 54           ;
;                                             ;              ;
; I/O pins                                    ; 58           ;
;                                             ;              ;
; Total DSP Blocks                            ; 0            ;
;                                             ;              ;
; Maximum fan-out node                        ; CLK_50~input ;
; Maximum fan-out                             ; 30           ;
; Total fan-out                               ; 992          ;
; Average fan-out                             ; 2.63         ;
+---------------------------------------------+--------------+


+----------------------------------------------------------------------------------------------------------------------------------------------------------------------------------------+
; Analysis & Synthesis Resource Utilization by Entity                                                                                                                                    ;
+----------------------------+---------------------+---------------------------+-------------------+------------+------+--------------+---------------------+-------------+--------------+
; Compilation Hierarchy Node ; Combinational ALUTs ; Dedicated Logic Registers ; Block Memory Bits ; DSP Blocks ; Pins ; Virtual Pins ; Full Hierarchy Name ; Entity Name ; Library Name ;
+----------------------------+---------------------+---------------------------+-------------------+------------+------+--------------+---------------------+-------------+--------------+
; |clock                     ; 207 (207)           ; 54 (54)                   ; 0                 ; 0          ; 58   ; 0            ; |clock              ; clock       ; work         ;
+----------------------------+---------------------+---------------------------+-------------------+------------+------+--------------+---------------------+-------------+--------------+
Note: For table entries with two numbers listed, the numbers in parentheses indicate the number of resources of the given type used by the specific entity alone. The numbers listed outside of parentheses indicate the total resources of the given type used by the specific entity and all of its sub-entities in the hierarchy.


+----------------------------------------------------------------------------------------------------+
; User-Specified and Inferred Latches                                                                ;
+-----------------------------------------------------+---------------------+------------------------+
; Latch Name                                          ; Latch Enable Signal ; Free of Timing Hazards ;
+-----------------------------------------------------+---------------------+------------------------+
; am_pm                                               ; am_pm               ; yes                    ;
; a_am_pm                                             ; a_am_pm             ; yes                    ;
; amm[0]                                              ; amm[1]              ; yes                    ;
; amm[1]                                              ; amm[1]              ; yes                    ;
; amm[2]                                              ; amm[1]              ; yes                    ;
; amm[3]                                              ; amm[1]              ; yes                    ;
; alm[0]                                              ; amm[1]              ; yes                    ;
; alm[1]                                              ; amm[1]              ; yes                    ;
; alm[2]                                              ; amm[1]              ; yes                    ;
; alm[3]                                              ; amm[1]              ; yes                    ;
; amh[0]                                              ; alh[3]              ; yes                    ;
; amh[1]                                              ; alh[3]              ; yes                    ;
; amh[2]                                              ; alh[3]              ; yes                    ;
; amh[3]                                              ; alh[3]              ; yes                    ;
; alh[0]                                              ; alh[3]              ; yes                    ;
; alh[1]                                              ; alh[3]              ; yes                    ;
; alh[2]                                              ; alh[3]              ; yes                    ;
; alh[3]                                              ; alh[3]              ; yes                    ;
; Number of user-specified and inferred latches = 18  ;                     ;                        ;
+-----------------------------------------------------+---------------------+------------------------+
Note: All latches listed above may not be present at the end of synthesis due to various synthesis optimizations.


+------------------------------------------------------+
; General Register Statistics                          ;
+----------------------------------------------+-------+
; Statistic                                    ; Value ;
+----------------------------------------------+-------+
; Total registers                              ; 54    ;
; Number of registers using Synchronous Clear  ; 29    ;
; Number of registers using Synchronous Load   ; 0     ;
; Number of registers using Asynchronous Clear ; 24    ;
; Number of registers using Asynchronous Load  ; 0     ;
; Number of registers using Clock Enable       ; 13    ;
; Number of registers using Preset             ; 0     ;
+----------------------------------------------+-------+


+------------------------------------------------------------------------------------------------------------------------------------------+
; Multiplexer Restructuring Statistics (Restructuring Performed)                                                                           ;
+--------------------+-----------+---------------+----------------------+------------------------+------------+----------------------------+
; Multiplexer Inputs ; Bus Width ; Baseline Area ; Area if Restructured ; Saving if Restructured ; Registered ; Example Multiplexer Output ;
+--------------------+-----------+---------------+----------------------+------------------------+------------+----------------------------+
; 3:1                ; 4 bits    ; 8 LEs         ; 4 LEs                ; 4 LEs                  ; Yes        ; |clock|hh[3]               ;
; 3:1                ; 4 bits    ; 8 LEs         ; 8 LEs                ; 0 LEs                  ; Yes        ; |clock|lh[3]               ;
+--------------------+-----------+---------------+----------------------+------------------------+------------+----------------------------+


+-----------------------------------------------------+
; Post-Synthesis Netlist Statistics for Top Partition ;
+-----------------------+-----------------------------+
; Type                  ; Count                       ;
+-----------------------+-----------------------------+
; arriav_ff             ; 54                          ;
;     CLR               ; 11                          ;
;     ENA CLR           ; 13                          ;
;     SCLR              ; 29                          ;
;     plain             ; 1                           ;
; arriav_lcell_comb     ; 213                         ;
;     arith             ; 29                          ;
;         1 data inputs ; 29                          ;
;     normal            ; 184                         ;
;         1 data inputs ; 6                           ;
;         2 data inputs ; 16                          ;
;         3 data inputs ; 49                          ;
;         4 data inputs ; 95                          ;
;         5 data inputs ; 8                           ;
;         6 data inputs ; 10                          ;
; boundary_port         ; 58                          ;
;                       ;                             ;
; Max LUT depth         ; 6.00                        ;
; Average LUT depth     ; 3.64                        ;
+-----------------------+-----------------------------+


+-------------------------------+
; Elapsed Time Per Partition    ;
+----------------+--------------+
; Partition Name ; Elapsed Time ;
+----------------+--------------+
; Top            ; 00:00:00     ;
+----------------+--------------+


+-------------------------------+
; Analysis & Synthesis Messages ;
+-------------------------------+
Info: *******************************************************************
Info: Running Quartus Prime Analysis & Synthesis
    Info: Version 18.1.0 Build 625 09/12/2018 SJ Lite Edition
    Info: Processing started: Mon Feb 27 17:59:36 2023
Info: Command: quartus_map --read_settings_files=on --write_settings_files=off clock -c clock
Warning (18236): Number of processors has not been specified which may cause overloading on shared machines.  Set the global assignment NUM_PARALLEL_PROCESSORS in your QSF to an appropriate value for best performance.
Info (20030): Parallel compilation is enabled and will use 4 of the 4 processors detected
Info (12021): Found 2 design units, including 1 entities, in source file clock.vhd
    Info (12022): Found design unit 1: clock-a File: C:/Users/fishr/Documents/UBC/CPEN 312/Lab 3/clock.vhd Line: 19
    Info (12023): Found entity 1: clock File: C:/Users/fishr/Documents/UBC/CPEN 312/Lab 3/clock.vhd Line: 7
Info (12127): Elaborating entity "clock" for the top level hierarchy
Warning (10036): Verilog HDL or VHDL warning at clock.vhd(31): object "ams" assigned a value but never read File: C:/Users/fishr/Documents/UBC/CPEN 312/Lab 3/clock.vhd Line: 31
Warning (10036): Verilog HDL or VHDL warning at clock.vhd(31): object "als" assigned a value but never read File: C:/Users/fishr/Documents/UBC/CPEN 312/Lab 3/clock.vhd Line: 31
Warning (10492): VHDL Process Statement warning at clock.vhd(61): signal "lsd" is read inside the Process Statement but isn't in the Process Statement's sensitivity list File: C:/Users/fishr/Documents/UBC/CPEN 312/Lab 3/clock.vhd Line: 61
Warning (10492): VHDL Process Statement warning at clock.vhd(62): signal "msd" is read inside the Process Statement but isn't in the Process Statement's sensitivity list File: C:/Users/fishr/Documents/UBC/CPEN 312/Lab 3/clock.vhd Line: 62
Warning (10492): VHDL Process Statement warning at clock.vhd(80): signal "lsd" is read inside the Process Statement but isn't in the Process Statement's sensitivity list File: C:/Users/fishr/Documents/UBC/CPEN 312/Lab 3/clock.vhd Line: 80
Warning (10492): VHDL Process Statement warning at clock.vhd(81): signal "msd" is read inside the Process Statement but isn't in the Process Statement's sensitivity list File: C:/Users/fishr/Documents/UBC/CPEN 312/Lab 3/clock.vhd Line: 81
Warning (10492): VHDL Process Statement warning at clock.vhd(101): signal "lsd" is read inside the Process Statement but isn't in the Process Statement's sensitivity list File: C:/Users/fishr/Documents/UBC/CPEN 312/Lab 3/clock.vhd Line: 101
Warning (10492): VHDL Process Statement warning at clock.vhd(102): signal "msd" is read inside the Process Statement but isn't in the Process Statement's sensitivity list File: C:/Users/fishr/Documents/UBC/CPEN 312/Lab 3/clock.vhd Line: 102
Warning (10492): VHDL Process Statement warning at clock.vhd(123): signal "lsd" is read inside the Process Statement but isn't in the Process Statement's sensitivity list File: C:/Users/fishr/Documents/UBC/CPEN 312/Lab 3/clock.vhd Line: 123
Warning (10492): VHDL Process Statement warning at clock.vhd(125): signal "ls" is read inside the Process Statement but isn't in the Process Statement's sensitivity list File: C:/Users/fishr/Documents/UBC/CPEN 312/Lab 3/clock.vhd Line: 125
Warning (10492): VHDL Process Statement warning at clock.vhd(125): signal "hs" is read inside the Process Statement but isn't in the Process Statement's sensitivity list File: C:/Users/fishr/Documents/UBC/CPEN 312/Lab 3/clock.vhd Line: 125
Warning (10492): VHDL Process Statement warning at clock.vhd(125): signal "lm" is read inside the Process Statement but isn't in the Process Statement's sensitivity list File: C:/Users/fishr/Documents/UBC/CPEN 312/Lab 3/clock.vhd Line: 125
Warning (10492): VHDL Process Statement warning at clock.vhd(125): signal "hm" is read inside the Process Statement but isn't in the Process Statement's sensitivity list File: C:/Users/fishr/Documents/UBC/CPEN 312/Lab 3/clock.vhd Line: 125
Warning (10492): VHDL Process Statement warning at clock.vhd(125): signal "hh" is read inside the Process Statement but isn't in the Process Statement's sensitivity list File: C:/Users/fishr/Documents/UBC/CPEN 312/Lab 3/clock.vhd Line: 125
Warning (10492): VHDL Process Statement warning at clock.vhd(125): signal "lh" is read inside the Process Statement but isn't in the Process Statement's sensitivity list File: C:/Users/fishr/Documents/UBC/CPEN 312/Lab 3/clock.vhd Line: 125
Warning (10492): VHDL Process Statement warning at clock.vhd(126): signal "am_pm" is read inside the Process Statement but isn't in the Process Statement's sensitivity list File: C:/Users/fishr/Documents/UBC/CPEN 312/Lab 3/clock.vhd Line: 126
Warning (10631): VHDL Process Statement warning at clock.vhd(120): inferring latch(es) for signal or variable "am_pm", which holds its previous value in one or more paths through the process File: C:/Users/fishr/Documents/UBC/CPEN 312/Lab 3/clock.vhd Line: 120
Warning (10492): VHDL Process Statement warning at clock.vhd(136): signal "lsd" is read inside the Process Statement but isn't in the Process Statement's sensitivity list File: C:/Users/fishr/Documents/UBC/CPEN 312/Lab 3/clock.vhd Line: 136
Warning (10492): VHDL Process Statement warning at clock.vhd(137): signal "msd" is read inside the Process Statement but isn't in the Process Statement's sensitivity list File: C:/Users/fishr/Documents/UBC/CPEN 312/Lab 3/clock.vhd Line: 137
Warning (10492): VHDL Process Statement warning at clock.vhd(139): signal "lsd" is read inside the Process Statement but isn't in the Process Statement's sensitivity list File: C:/Users/fishr/Documents/UBC/CPEN 312/Lab 3/clock.vhd Line: 139
Warning (10492): VHDL Process Statement warning at clock.vhd(140): signal "msd" is read inside the Process Statement but isn't in the Process Statement's sensitivity list File: C:/Users/fishr/Documents/UBC/CPEN 312/Lab 3/clock.vhd Line: 140
Warning (10492): VHDL Process Statement warning at clock.vhd(142): signal "lsd" is read inside the Process Statement but isn't in the Process Statement's sensitivity list File: C:/Users/fishr/Documents/UBC/CPEN 312/Lab 3/clock.vhd Line: 142
Warning (10492): VHDL Process Statement warning at clock.vhd(143): signal "msd" is read inside the Process Statement but isn't in the Process Statement's sensitivity list File: C:/Users/fishr/Documents/UBC/CPEN 312/Lab 3/clock.vhd Line: 143
Warning (10492): VHDL Process Statement warning at clock.vhd(146): signal "lsd" is read inside the Process Statement but isn't in the Process Statement's sensitivity list File: C:/Users/fishr/Documents/UBC/CPEN 312/Lab 3/clock.vhd Line: 146
Warning (10631): VHDL Process Statement warning at clock.vhd(132): inferring latch(es) for signal or variable "alm", which holds its previous value in one or more paths through the process File: C:/Users/fishr/Documents/UBC/CPEN 312/Lab 3/clock.vhd Line: 132
Warning (10631): VHDL Process Statement warning at clock.vhd(132): inferring latch(es) for signal or variable "amm", which holds its previous value in one or more paths through the process File: C:/Users/fishr/Documents/UBC/CPEN 312/Lab 3/clock.vhd Line: 132
Warning (10631): VHDL Process Statement warning at clock.vhd(132): inferring latch(es) for signal or variable "alh", which holds its previous value in one or more paths through the process File: C:/Users/fishr/Documents/UBC/CPEN 312/Lab 3/clock.vhd Line: 132
Warning (10631): VHDL Process Statement warning at clock.vhd(132): inferring latch(es) for signal or variable "amh", which holds its previous value in one or more paths through the process File: C:/Users/fishr/Documents/UBC/CPEN 312/Lab 3/clock.vhd Line: 132
Warning (10631): VHDL Process Statement warning at clock.vhd(132): inferring latch(es) for signal or variable "a_am_pm", which holds its previous value in one or more paths through the process File: C:/Users/fishr/Documents/UBC/CPEN 312/Lab 3/clock.vhd Line: 132
Warning (10492): VHDL Process Statement warning at clock.vhd(155): signal "hm" is read inside the Process Statement but isn't in the Process Statement's sensitivity list File: C:/Users/fishr/Documents/UBC/CPEN 312/Lab 3/clock.vhd Line: 155
Warning (10492): VHDL Process Statement warning at clock.vhd(155): signal "amm" is read inside the Process Statement but isn't in the Process Statement's sensitivity list File: C:/Users/fishr/Documents/UBC/CPEN 312/Lab 3/clock.vhd Line: 155
Warning (10492): VHDL Process Statement warning at clock.vhd(155): signal "lm" is read inside the Process Statement but isn't in the Process Statement's sensitivity list File: C:/Users/fishr/Documents/UBC/CPEN 312/Lab 3/clock.vhd Line: 155
Warning (10492): VHDL Process Statement warning at clock.vhd(155): signal "alm" is read inside the Process Statement but isn't in the Process Statement's sensitivity list File: C:/Users/fishr/Documents/UBC/CPEN 312/Lab 3/clock.vhd Line: 155
Warning (10492): VHDL Process Statement warning at clock.vhd(155): signal "hh" is read inside the Process Statement but isn't in the Process Statement's sensitivity list File: C:/Users/fishr/Documents/UBC/CPEN 312/Lab 3/clock.vhd Line: 155
Warning (10492): VHDL Process Statement warning at clock.vhd(155): signal "amh" is read inside the Process Statement but isn't in the Process Statement's sensitivity list File: C:/Users/fishr/Documents/UBC/CPEN 312/Lab 3/clock.vhd Line: 155
Warning (10492): VHDL Process Statement warning at clock.vhd(155): signal "lh" is read inside the Process Statement but isn't in the Process Statement's sensitivity list File: C:/Users/fishr/Documents/UBC/CPEN 312/Lab 3/clock.vhd Line: 155
Warning (10492): VHDL Process Statement warning at clock.vhd(155): signal "alh" is read inside the Process Statement but isn't in the Process Statement's sensitivity list File: C:/Users/fishr/Documents/UBC/CPEN 312/Lab 3/clock.vhd Line: 155
Warning (10492): VHDL Process Statement warning at clock.vhd(155): signal "am_pm" is read inside the Process Statement but isn't in the Process Statement's sensitivity list File: C:/Users/fishr/Documents/UBC/CPEN 312/Lab 3/clock.vhd Line: 155
Warning (10492): VHDL Process Statement warning at clock.vhd(155): signal "a_am_pm" is read inside the Process Statement but isn't in the Process Statement's sensitivity list File: C:/Users/fishr/Documents/UBC/CPEN 312/Lab 3/clock.vhd Line: 155
Info (10041): Inferred latch for "a_am_pm" at clock.vhd(132) File: C:/Users/fishr/Documents/UBC/CPEN 312/Lab 3/clock.vhd Line: 132
Info (10041): Inferred latch for "amh[0]" at clock.vhd(132) File: C:/Users/fishr/Documents/UBC/CPEN 312/Lab 3/clock.vhd Line: 132
Info (10041): Inferred latch for "amh[1]" at clock.vhd(132) File: C:/Users/fishr/Documents/UBC/CPEN 312/Lab 3/clock.vhd Line: 132
Info (10041): Inferred latch for "amh[2]" at clock.vhd(132) File: C:/Users/fishr/Documents/UBC/CPEN 312/Lab 3/clock.vhd Line: 132
Info (10041): Inferred latch for "amh[3]" at clock.vhd(132) File: C:/Users/fishr/Documents/UBC/CPEN 312/Lab 3/clock.vhd Line: 132
Info (10041): Inferred latch for "alh[0]" at clock.vhd(132) File: C:/Users/fishr/Documents/UBC/CPEN 312/Lab 3/clock.vhd Line: 132
Info (10041): Inferred latch for "alh[1]" at clock.vhd(132) File: C:/Users/fishr/Documents/UBC/CPEN 312/Lab 3/clock.vhd Line: 132
Info (10041): Inferred latch for "alh[2]" at clock.vhd(132) File: C:/Users/fishr/Documents/UBC/CPEN 312/Lab 3/clock.vhd Line: 132
Info (10041): Inferred latch for "alh[3]" at clock.vhd(132) File: C:/Users/fishr/Documents/UBC/CPEN 312/Lab 3/clock.vhd Line: 132
Info (10041): Inferred latch for "amm[0]" at clock.vhd(132) File: C:/Users/fishr/Documents/UBC/CPEN 312/Lab 3/clock.vhd Line: 132
Info (10041): Inferred latch for "amm[1]" at clock.vhd(132) File: C:/Users/fishr/Documents/UBC/CPEN 312/Lab 3/clock.vhd Line: 132
Info (10041): Inferred latch for "amm[2]" at clock.vhd(132) File: C:/Users/fishr/Documents/UBC/CPEN 312/Lab 3/clock.vhd Line: 132
Info (10041): Inferred latch for "amm[3]" at clock.vhd(132) File: C:/Users/fishr/Documents/UBC/CPEN 312/Lab 3/clock.vhd Line: 132
Info (10041): Inferred latch for "alm[0]" at clock.vhd(132) File: C:/Users/fishr/Documents/UBC/CPEN 312/Lab 3/clock.vhd Line: 132
Info (10041): Inferred latch for "alm[1]" at clock.vhd(132) File: C:/Users/fishr/Documents/UBC/CPEN 312/Lab 3/clock.vhd Line: 132
Info (10041): Inferred latch for "alm[2]" at clock.vhd(132) File: C:/Users/fishr/Documents/UBC/CPEN 312/Lab 3/clock.vhd Line: 132
Info (10041): Inferred latch for "alm[3]" at clock.vhd(132) File: C:/Users/fishr/Documents/UBC/CPEN 312/Lab 3/clock.vhd Line: 132
Info (10041): Inferred latch for "am_pm" at clock.vhd(120) File: C:/Users/fishr/Documents/UBC/CPEN 312/Lab 3/clock.vhd Line: 120
Warning (13012): Latch am_pm has unsafe behavior File: C:/Users/fishr/Documents/UBC/CPEN 312/Lab 3/clock.vhd Line: 120
    Warning (13013): Ports D and ENA on the latch are fed by the same signal KEY3 File: C:/Users/fishr/Documents/UBC/CPEN 312/Lab 3/clock.vhd Line: 11
Warning (13004): Presettable and clearable registers converted to equivalent circuits with latches. Registers power-up to an undefined state, and DEVCLRn places the registers in an undefined state.
    Warning (13310): Register "hm[0]" is converted into an equivalent circuit using register "hm[0]~_emulated" and latch "hm[0]~1" File: C:/Users/fishr/Documents/UBC/CPEN 312/Lab 3/clock.vhd Line: 79
    Warning (13310): Register "hm[1]" is converted into an equivalent circuit using register "hm[1]~_emulated" and latch "hm[1]~5" File: C:/Users/fishr/Documents/UBC/CPEN 312/Lab 3/clock.vhd Line: 79
    Warning (13310): Register "hm[2]" is converted into an equivalent circuit using register "hm[2]~_emulated" and latch "hm[2]~9" File: C:/Users/fishr/Documents/UBC/CPEN 312/Lab 3/clock.vhd Line: 79
    Warning (13310): Register "hm[3]" is converted into an equivalent circuit using register "hm[3]~_emulated" and latch "hm[3]~13" File: C:/Users/fishr/Documents/UBC/CPEN 312/Lab 3/clock.vhd Line: 79
    Warning (13310): Register "lm[0]" is converted into an equivalent circuit using register "lm[0]~_emulated" and latch "lm[0]~1" File: C:/Users/fishr/Documents/UBC/CPEN 312/Lab 3/clock.vhd Line: 79
    Warning (13310): Register "lm[1]" is converted into an equivalent circuit using register "lm[1]~_emulated" and latch "lm[1]~5" File: C:/Users/fishr/Documents/UBC/CPEN 312/Lab 3/clock.vhd Line: 79
    Warning (13310): Register "lm[2]" is converted into an equivalent circuit using register "lm[2]~_emulated" and latch "lm[2]~9" File: C:/Users/fishr/Documents/UBC/CPEN 312/Lab 3/clock.vhd Line: 79
    Warning (13310): Register "lm[3]" is converted into an equivalent circuit using register "lm[3]~_emulated" and latch "lm[3]~13" File: C:/Users/fishr/Documents/UBC/CPEN 312/Lab 3/clock.vhd Line: 79
    Warning (13310): Register "hh[0]" is converted into an equivalent circuit using register "hh[0]~_emulated" and latch "hh[0]~1" File: C:/Users/fishr/Documents/UBC/CPEN 312/Lab 3/clock.vhd Line: 100
    Warning (13310): Register "hh[1]" is converted into an equivalent circuit using register "hh[1]~_emulated" and latch "hh[1]~5" File: C:/Users/fishr/Documents/UBC/CPEN 312/Lab 3/clock.vhd Line: 100
    Warning (13310): Register "hh[2]" is converted into an equivalent circuit using register "hh[2]~_emulated" and latch "hh[2]~9" File: C:/Users/fishr/Documents/UBC/CPEN 312/Lab 3/clock.vhd Line: 100
    Warning (13310): Register "hh[3]" is converted into an equivalent circuit using register "hh[3]~_emulated" and latch "hh[3]~13" File: C:/Users/fishr/Documents/UBC/CPEN 312/Lab 3/clock.vhd Line: 100
    Warning (13310): Register "lh[0]" is converted into an equivalent circuit using register "lh[0]~_emulated" and latch "lh[0]~1" File: C:/Users/fishr/Documents/UBC/CPEN 312/Lab 3/clock.vhd Line: 100
    Warning (13310): Register "lh[1]" is converted into an equivalent circuit using register "lh[1]~_emulated" and latch "lh[1]~5" File: C:/Users/fishr/Documents/UBC/CPEN 312/Lab 3/clock.vhd Line: 100
    Warning (13310): Register "lh[2]" is converted into an equivalent circuit using register "lh[2]~_emulated" and latch "lh[2]~9" File: C:/Users/fishr/Documents/UBC/CPEN 312/Lab 3/clock.vhd Line: 100
    Warning (13310): Register "lh[3]" is converted into an equivalent circuit using register "lh[3]~_emulated" and latch "lh[3]~13" File: C:/Users/fishr/Documents/UBC/CPEN 312/Lab 3/clock.vhd Line: 100
    Warning (13310): Register "hs[0]" is converted into an equivalent circuit using register "hs[0]~_emulated" and latch "hs[0]~1" File: C:/Users/fishr/Documents/UBC/CPEN 312/Lab 3/clock.vhd Line: 60
    Warning (13310): Register "hs[1]" is converted into an equivalent circuit using register "hs[1]~_emulated" and latch "hs[1]~5" File: C:/Users/fishr/Documents/UBC/CPEN 312/Lab 3/clock.vhd Line: 60
    Warning (13310): Register "hs[2]" is converted into an equivalent circuit using register "hs[2]~_emulated" and latch "hs[2]~9" File: C:/Users/fishr/Documents/UBC/CPEN 312/Lab 3/clock.vhd Line: 60
    Warning (13310): Register "hs[3]" is converted into an equivalent circuit using register "hs[3]~_emulated" and latch "hs[3]~13" File: C:/Users/fishr/Documents/UBC/CPEN 312/Lab 3/clock.vhd Line: 60
    Warning (13310): Register "ls[0]" is converted into an equivalent circuit using register "ls[0]~_emulated" and latch "ls[0]~1" File: C:/Users/fishr/Documents/UBC/CPEN 312/Lab 3/clock.vhd Line: 60
    Warning (13310): Register "ls[1]" is converted into an equivalent circuit using register "ls[1]~_emulated" and latch "ls[1]~5" File: C:/Users/fishr/Documents/UBC/CPEN 312/Lab 3/clock.vhd Line: 60
    Warning (13310): Register "ls[2]" is converted into an equivalent circuit using register "ls[2]~_emulated" and latch "ls[2]~9" File: C:/Users/fishr/Documents/UBC/CPEN 312/Lab 3/clock.vhd Line: 60
    Warning (13310): Register "ls[3]" is converted into an equivalent circuit using register "ls[3]~_emulated" and latch "ls[3]~13" File: C:/Users/fishr/Documents/UBC/CPEN 312/Lab 3/clock.vhd Line: 60
Info (286030): Timing-Driven Synthesis is running
Info (16010): Generating hard_block partition "hard_block:auto_generated_inst"
    Info (16011): Adding 0 node(s), including 0 DDIO, 0 PLL, 0 transceiver and 0 LCELL
Info (21057): Implemented 265 device resources after synthesis - the final resource count might be different
    Info (21058): Implemented 14 input pins
    Info (21059): Implemented 44 output pins
    Info (21061): Implemented 207 logic cells
Info: Quartus Prime Analysis & Synthesis was successful. 0 errors, 67 warnings
    Info: Peak virtual memory: 4862 megabytes
    Info: Processing ended: Mon Feb 27 17:59:56 2023
    Info: Elapsed time: 00:00:20
    Info: Total CPU time (on all processors): 00:00:22


