Analysis & Synthesis report for part2
Fri Feb 17 22:19:18 2023
Quartus Prime Version 18.1.0 Build 625 09/12/2018 SJ Lite Edition


---------------------
; Table of Contents ;
---------------------
  1. Legal Notice
  2. Analysis & Synthesis Summary
  3. Analysis & Synthesis Settings
  4. Parallel Compilation
  5. Analysis & Synthesis Source Files Read
  6. Analysis & Synthesis Resource Usage Summary
  7. Analysis & Synthesis Resource Utilization by Entity
  8. General Register Statistics
  9. Parameter Settings for Inferred Entity Instance: lpm_divide:Mod0
 10. Parameter Settings for Inferred Entity Instance: lpm_divide:Div0
 11. Parameter Settings for Inferred Entity Instance: lpm_divide:Mod1
 12. Post-Synthesis Netlist Statistics for Top Partition
 13. Elapsed Time Per Partition
 14. Analysis & Synthesis Messages



----------------
; Legal Notice ;
----------------
Copyright (C) 2018  Intel Corporation. All rights reserved.
Your use of Intel Corporation's design tools, logic functions 
and other software and tools, and its AMPP partner logic 
functions, and any output files from any of the foregoing 
(including device programming or simulation files), and any 
associated documentation or information are expressly subject 
to the terms and conditions of the Intel Program License 
Subscription Agreement, the Intel Quartus Prime License Agreement,
the Intel FPGA IP License Agreement, or other applicable license
agreement, including, without limitation, that your use is for
the sole purpose of programming logic devices manufactured by
Intel and sold by Intel or its authorized distributors.  Please
refer to the applicable agreement for further details.



+-------------------------------------------------------------------------------+
; Analysis & Synthesis Summary                                                  ;
+---------------------------------+---------------------------------------------+
; Analysis & Synthesis Status     ; Successful - Fri Feb 17 22:19:18 2023       ;
; Quartus Prime Version           ; 18.1.0 Build 625 09/12/2018 SJ Lite Edition ;
; Revision Name                   ; part2                                       ;
; Top-level Entity Name           ; part2                                       ;
; Family                          ; Cyclone V                                   ;
; Logic utilization (in ALMs)     ; N/A                                         ;
; Total registers                 ; 16                                          ;
; Total pins                      ; 54                                          ;
; Total virtual pins              ; 0                                           ;
; Total block memory bits         ; 0                                           ;
; Total DSP Blocks                ; 0                                           ;
; Total HSSI RX PCSs              ; 0                                           ;
; Total HSSI PMA RX Deserializers ; 0                                           ;
; Total HSSI TX PCSs              ; 0                                           ;
; Total HSSI PMA TX Serializers   ; 0                                           ;
; Total PLLs                      ; 0                                           ;
; Total DLLs                      ; 0                                           ;
+---------------------------------+---------------------------------------------+


+---------------------------------------------------------------------------------------------------------------------------+
; Analysis & Synthesis Settings                                                                                             ;
+---------------------------------------------------------------------------------+--------------------+--------------------+
; Option                                                                          ; Setting            ; Default Value      ;
+---------------------------------------------------------------------------------+--------------------+--------------------+
; Device                                                                          ; 5CEBA4F23C7        ;                    ;
; Top-level entity name                                                           ; part2              ; part2              ;
; Family name                                                                     ; Cyclone V          ; Cyclone V          ;
; Use smart compilation                                                           ; Off                ; Off                ;
; Enable parallel Assembler and Timing Analyzer during compilation                ; On                 ; On                 ;
; Enable compact report table                                                     ; Off                ; Off                ;
; Restructure Multiplexers                                                        ; Auto               ; Auto               ;
; MLAB Add Timing Constraints For Mixed-Port Feed-Through Mode Setting Don't Care ; Off                ; Off                ;
; Create Debugging Nodes for IP Cores                                             ; Off                ; Off                ;
; Preserve fewer node names                                                       ; On                 ; On                 ;
; Intel FPGA IP Evaluation Mode                                                   ; Enable             ; Enable             ;
; Verilog Version                                                                 ; Verilog_2001       ; Verilog_2001       ;
; VHDL Version                                                                    ; VHDL_1993          ; VHDL_1993          ;
; State Machine Processing                                                        ; Auto               ; Auto               ;
; Safe State Machine                                                              ; Off                ; Off                ;
; Extract Verilog State Machines                                                  ; On                 ; On                 ;
; Extract VHDL State Machines                                                     ; On                 ; On                 ;
; Ignore Verilog initial constructs                                               ; Off                ; Off                ;
; Iteration limit for constant Verilog loops                                      ; 5000               ; 5000               ;
; Iteration limit for non-constant Verilog loops                                  ; 250                ; 250                ;
; Add Pass-Through Logic to Inferred RAMs                                         ; On                 ; On                 ;
; Infer RAMs from Raw Logic                                                       ; On                 ; On                 ;
; Parallel Synthesis                                                              ; On                 ; On                 ;
; DSP Block Balancing                                                             ; Auto               ; Auto               ;
; NOT Gate Push-Back                                                              ; On                 ; On                 ;
; Power-Up Don't Care                                                             ; On                 ; On                 ;
; Remove Redundant Logic Cells                                                    ; Off                ; Off                ;
; Remove Duplicate Registers                                                      ; On                 ; On                 ;
; Ignore CARRY Buffers                                                            ; Off                ; Off                ;
; Ignore CASCADE Buffers                                                          ; Off                ; Off                ;
; Ignore GLOBAL Buffers                                                           ; Off                ; Off                ;
; Ignore ROW GLOBAL Buffers                                                       ; Off                ; Off                ;
; Ignore LCELL Buffers                                                            ; Off                ; Off                ;
; Ignore SOFT Buffers                                                             ; On                 ; On                 ;
; Limit AHDL Integers to 32 Bits                                                  ; Off                ; Off                ;
; Optimization Technique                                                          ; Balanced           ; Balanced           ;
; Carry Chain Length                                                              ; 70                 ; 70                 ;
; Auto Carry Chains                                                               ; On                 ; On                 ;
; Auto Open-Drain Pins                                                            ; On                 ; On                 ;
; Perform WYSIWYG Primitive Resynthesis                                           ; Off                ; Off                ;
; Auto ROM Replacement                                                            ; On                 ; On                 ;
; Auto RAM Replacement                                                            ; On                 ; On                 ;
; Auto DSP Block Replacement                                                      ; On                 ; On                 ;
; Auto Shift Register Replacement                                                 ; Auto               ; Auto               ;
; Allow Shift Register Merging across Hierarchies                                 ; Auto               ; Auto               ;
; Auto Clock Enable Replacement                                                   ; On                 ; On                 ;
; Strict RAM Replacement                                                          ; Off                ; Off                ;
; Allow Synchronous Control Signals                                               ; On                 ; On                 ;
; Force Use of Synchronous Clear Signals                                          ; Off                ; Off                ;
; Auto Resource Sharing                                                           ; Off                ; Off                ;
; Allow Any RAM Size For Recognition                                              ; Off                ; Off                ;
; Allow Any ROM Size For Recognition                                              ; Off                ; Off                ;
; Allow Any Shift Register Size For Recognition                                   ; Off                ; Off                ;
; Use LogicLock Constraints during Resource Balancing                             ; On                 ; On                 ;
; Ignore translate_off and synthesis_off directives                               ; Off                ; Off                ;
; Timing-Driven Synthesis                                                         ; On                 ; On                 ;
; Report Parameter Settings                                                       ; On                 ; On                 ;
; Report Source Assignments                                                       ; On                 ; On                 ;
; Report Connectivity Checks                                                      ; On                 ; On                 ;
; Ignore Maximum Fan-Out Assignments                                              ; Off                ; Off                ;
; Synchronization Register Chain Length                                           ; 3                  ; 3                  ;
; Power Optimization During Synthesis                                             ; Normal compilation ; Normal compilation ;
; HDL message level                                                               ; Level2             ; Level2             ;
; Suppress Register Optimization Related Messages                                 ; Off                ; Off                ;
; Number of Removed Registers Reported in Synthesis Report                        ; 5000               ; 5000               ;
; Number of Swept Nodes Reported in Synthesis Report                              ; 5000               ; 5000               ;
; Number of Inverted Registers Reported in Synthesis Report                       ; 100                ; 100                ;
; Clock MUX Protection                                                            ; On                 ; On                 ;
; Auto Gated Clock Conversion                                                     ; Off                ; Off                ;
; Block Design Naming                                                             ; Auto               ; Auto               ;
; SDC constraint protection                                                       ; Off                ; Off                ;
; Synthesis Effort                                                                ; Auto               ; Auto               ;
; Shift Register Replacement - Allow Asynchronous Clear Signal                    ; On                 ; On                 ;
; Pre-Mapping Resynthesis Optimization                                            ; Off                ; Off                ;
; Analysis & Synthesis Message Level                                              ; Medium             ; Medium             ;
; Disable Register Merging Across Hierarchies                                     ; Auto               ; Auto               ;
; Resource Aware Inference For Block RAM                                          ; On                 ; On                 ;
; Automatic Parallel Synthesis                                                    ; On                 ; On                 ;
; Partial Reconfiguration Bitstream ID                                            ; Off                ; Off                ;
+---------------------------------------------------------------------------------+--------------------+--------------------+


+------------------------------------------+
; Parallel Compilation                     ;
+----------------------------+-------------+
; Processors                 ; Number      ;
+----------------------------+-------------+
; Number detected on machine ; 8           ;
; Maximum allowed            ; 4           ;
;                            ;             ;
; Average used               ; 1.00        ;
; Maximum used               ; 1           ;
;                            ;             ;
; Usage by Processor         ; % Time Used ;
;     Processor 1            ; 100.0%      ;
+----------------------------+-------------+


+--------------------------------------------------------------------------------------------------------------------------------------------------------------------------+
; Analysis & Synthesis Source Files Read                                                                                                                                   ;
+----------------------------------+-----------------+------------------------------+----------------------------------------------------------------------------+---------+
; File Name with User-Entered Path ; Used in Netlist ; File Type                    ; File Name with Absolute Path                                               ; Library ;
+----------------------------------+-----------------+------------------------------+----------------------------------------------------------------------------+---------+
; part2.vhd                        ; yes             ; User VHDL File               ; C:/Users/fishr/Documents/UBC/CPEN 312/Lab 2/part2.vhd                      ;         ;
; lpm_divide.tdf                   ; yes             ; Megafunction                 ; c:/intelfpga_lite/18.1/quartus/libraries/megafunctions/lpm_divide.tdf      ;         ;
; abs_divider.inc                  ; yes             ; Megafunction                 ; c:/intelfpga_lite/18.1/quartus/libraries/megafunctions/abs_divider.inc     ;         ;
; sign_div_unsign.inc              ; yes             ; Megafunction                 ; c:/intelfpga_lite/18.1/quartus/libraries/megafunctions/sign_div_unsign.inc ;         ;
; aglobal181.inc                   ; yes             ; Megafunction                 ; c:/intelfpga_lite/18.1/quartus/libraries/megafunctions/aglobal181.inc      ;         ;
; db/lpm_divide_c2m.tdf            ; yes             ; Auto-Generated Megafunction  ; C:/Users/fishr/Documents/UBC/CPEN 312/Lab 2/db/lpm_divide_c2m.tdf          ;         ;
; db/sign_div_unsign_fkh.tdf       ; yes             ; Auto-Generated Megafunction  ; C:/Users/fishr/Documents/UBC/CPEN 312/Lab 2/db/sign_div_unsign_fkh.tdf     ;         ;
; db/alt_u_div_4te.tdf             ; yes             ; Auto-Generated Megafunction  ; C:/Users/fishr/Documents/UBC/CPEN 312/Lab 2/db/alt_u_div_4te.tdf           ;         ;
; db/lpm_divide_5am.tdf            ; yes             ; Auto-Generated Megafunction  ; C:/Users/fishr/Documents/UBC/CPEN 312/Lab 2/db/lpm_divide_5am.tdf          ;         ;
; db/sign_div_unsign_bkh.tdf       ; yes             ; Auto-Generated Megafunction  ; C:/Users/fishr/Documents/UBC/CPEN 312/Lab 2/db/sign_div_unsign_bkh.tdf     ;         ;
; db/alt_u_div_sse.tdf             ; yes             ; Auto-Generated Megafunction  ; C:/Users/fishr/Documents/UBC/CPEN 312/Lab 2/db/alt_u_div_sse.tdf           ;         ;
; db/lpm_divide_42m.tdf            ; yes             ; Auto-Generated Megafunction  ; C:/Users/fishr/Documents/UBC/CPEN 312/Lab 2/db/lpm_divide_42m.tdf          ;         ;
; db/sign_div_unsign_7kh.tdf       ; yes             ; Auto-Generated Megafunction  ; C:/Users/fishr/Documents/UBC/CPEN 312/Lab 2/db/sign_div_unsign_7kh.tdf     ;         ;
; db/alt_u_div_kse.tdf             ; yes             ; Auto-Generated Megafunction  ; C:/Users/fishr/Documents/UBC/CPEN 312/Lab 2/db/alt_u_div_kse.tdf           ;         ;
+----------------------------------+-----------------+------------------------------+----------------------------------------------------------------------------+---------+


+------------------------------------------------------------------------------------------------------------------------------------------------------+
; Analysis & Synthesis Resource Usage Summary                                                                                                          ;
+---------------------------------------------+--------------------------------------------------------------------------------------------------------+
; Resource                                    ; Usage                                                                                                  ;
+---------------------------------------------+--------------------------------------------------------------------------------------------------------+
; Estimate of Logic utilization (ALMs needed) ; 99                                                                                                     ;
;                                             ;                                                                                                        ;
; Combinational ALUT usage for logic          ; 191                                                                                                    ;
;     -- 7 input functions                    ; 0                                                                                                      ;
;     -- 6 input functions                    ; 0                                                                                                      ;
;     -- 5 input functions                    ; 3                                                                                                      ;
;     -- 4 input functions                    ; 61                                                                                                     ;
;     -- <=3 input functions                  ; 127                                                                                                    ;
;                                             ;                                                                                                        ;
; Dedicated logic registers                   ; 16                                                                                                     ;
;                                             ;                                                                                                        ;
; I/O pins                                    ; 54                                                                                                     ;
;                                             ;                                                                                                        ;
; Total DSP Blocks                            ; 0                                                                                                      ;
;                                             ;                                                                                                        ;
; Maximum fan-out node                        ; lpm_divide:Mod0|lpm_divide_c2m:auto_generated|sign_div_unsign_fkh:divider|alt_u_div_4te:divider|op_6~1 ;
; Maximum fan-out                             ; 15                                                                                                     ;
; Total fan-out                               ; 714                                                                                                    ;
; Average fan-out                             ; 2.27                                                                                                   ;
+---------------------------------------------+--------------------------------------------------------------------------------------------------------+


+-----------------------------------------------------------------------------------------------------------------------------------------------------------------------------------------------------------------------------------------------------------------------------------------------+
; Analysis & Synthesis Resource Utilization by Entity                                                                                                                                                                                                                                           ;
+----------------------------------------+---------------------+---------------------------+-------------------+------------+------+--------------+--------------------------------------------------------------------------------------------------------+---------------------+--------------+
; Compilation Hierarchy Node             ; Combinational ALUTs ; Dedicated Logic Registers ; Block Memory Bits ; DSP Blocks ; Pins ; Virtual Pins ; Full Hierarchy Name                                                                                    ; Entity Name         ; Library Name ;
+----------------------------------------+---------------------+---------------------------+-------------------+------------+------+--------------+--------------------------------------------------------------------------------------------------------+---------------------+--------------+
; |part2                                 ; 191 (70)            ; 16 (16)                   ; 0                 ; 0          ; 54   ; 0            ; |part2                                                                                                 ; part2               ; work         ;
;    |lpm_divide:Div0|                   ; 49 (0)              ; 0 (0)                     ; 0                 ; 0          ; 0    ; 0            ; |part2|lpm_divide:Div0                                                                                 ; lpm_divide          ; work         ;
;       |lpm_divide_5am:auto_generated|  ; 49 (0)              ; 0 (0)                     ; 0                 ; 0          ; 0    ; 0            ; |part2|lpm_divide:Div0|lpm_divide_5am:auto_generated                                                   ; lpm_divide_5am      ; work         ;
;          |sign_div_unsign_bkh:divider| ; 49 (0)              ; 0 (0)                     ; 0                 ; 0          ; 0    ; 0            ; |part2|lpm_divide:Div0|lpm_divide_5am:auto_generated|sign_div_unsign_bkh:divider                       ; sign_div_unsign_bkh ; work         ;
;             |alt_u_div_sse:divider|    ; 49 (49)             ; 0 (0)                     ; 0                 ; 0          ; 0    ; 0            ; |part2|lpm_divide:Div0|lpm_divide_5am:auto_generated|sign_div_unsign_bkh:divider|alt_u_div_sse:divider ; alt_u_div_sse       ; work         ;
;    |lpm_divide:Mod0|                   ; 67 (0)              ; 0 (0)                     ; 0                 ; 0          ; 0    ; 0            ; |part2|lpm_divide:Mod0                                                                                 ; lpm_divide          ; work         ;
;       |lpm_divide_c2m:auto_generated|  ; 67 (0)              ; 0 (0)                     ; 0                 ; 0          ; 0    ; 0            ; |part2|lpm_divide:Mod0|lpm_divide_c2m:auto_generated                                                   ; lpm_divide_c2m      ; work         ;
;          |sign_div_unsign_fkh:divider| ; 67 (0)              ; 0 (0)                     ; 0                 ; 0          ; 0    ; 0            ; |part2|lpm_divide:Mod0|lpm_divide_c2m:auto_generated|sign_div_unsign_fkh:divider                       ; sign_div_unsign_fkh ; work         ;
;             |alt_u_div_4te:divider|    ; 67 (67)             ; 0 (0)                     ; 0                 ; 0          ; 0    ; 0            ; |part2|lpm_divide:Mod0|lpm_divide_c2m:auto_generated|sign_div_unsign_fkh:divider|alt_u_div_4te:divider ; alt_u_div_4te       ; work         ;
;    |lpm_divide:Mod1|                   ; 5 (0)               ; 0 (0)                     ; 0                 ; 0          ; 0    ; 0            ; |part2|lpm_divide:Mod1                                                                                 ; lpm_divide          ; work         ;
;       |lpm_divide_42m:auto_generated|  ; 5 (0)               ; 0 (0)                     ; 0                 ; 0          ; 0    ; 0            ; |part2|lpm_divide:Mod1|lpm_divide_42m:auto_generated                                                   ; lpm_divide_42m      ; work         ;
;          |sign_div_unsign_7kh:divider| ; 5 (0)               ; 0 (0)                     ; 0                 ; 0          ; 0    ; 0            ; |part2|lpm_divide:Mod1|lpm_divide_42m:auto_generated|sign_div_unsign_7kh:divider                       ; sign_div_unsign_7kh ; work         ;
;             |alt_u_div_kse:divider|    ; 5 (5)               ; 0 (0)                     ; 0                 ; 0          ; 0    ; 0            ; |part2|lpm_divide:Mod1|lpm_divide_42m:auto_generated|sign_div_unsign_7kh:divider|alt_u_div_kse:divider ; alt_u_div_kse       ; work         ;
+----------------------------------------+---------------------+---------------------------+-------------------+------------+------+--------------+--------------------------------------------------------------------------------------------------------+---------------------+--------------+
Note: For table entries with two numbers listed, the numbers in parentheses indicate the number of resources of the given type used by the specific entity alone. The numbers listed outside of parentheses indicate the total resources of the given type used by the specific entity and all of its sub-entities in the hierarchy.


+------------------------------------------------------+
; General Register Statistics                          ;
+----------------------------------------------+-------+
; Statistic                                    ; Value ;
+----------------------------------------------+-------+
; Total registers                              ; 16    ;
; Number of registers using Synchronous Clear  ; 0     ;
; Number of registers using Synchronous Load   ; 0     ;
; Number of registers using Asynchronous Clear ; 0     ;
; Number of registers using Asynchronous Load  ; 0     ;
; Number of registers using Clock Enable       ; 0     ;
; Number of registers using Preset             ; 0     ;
+----------------------------------------------+-------+


+------------------------------------------------------------------+
; Parameter Settings for Inferred Entity Instance: lpm_divide:Mod0 ;
+------------------------+----------------+------------------------+
; Parameter Name         ; Value          ; Type                   ;
+------------------------+----------------+------------------------+
; LPM_WIDTHN             ; 8              ; Untyped                ;
; LPM_WIDTHD             ; 8              ; Untyped                ;
; LPM_NREPRESENTATION    ; UNSIGNED       ; Untyped                ;
; LPM_DREPRESENTATION    ; UNSIGNED       ; Untyped                ;
; LPM_PIPELINE           ; 0              ; Untyped                ;
; LPM_REMAINDERPOSITIVE  ; TRUE           ; Untyped                ;
; MAXIMIZE_SPEED         ; 5              ; Untyped                ;
; CBXI_PARAMETER         ; lpm_divide_c2m ; Untyped                ;
; CARRY_CHAIN            ; MANUAL         ; Untyped                ;
; OPTIMIZE_FOR_SPEED     ; 5              ; Untyped                ;
; AUTO_CARRY_CHAINS      ; ON             ; AUTO_CARRY             ;
; IGNORE_CARRY_BUFFERS   ; OFF            ; IGNORE_CARRY           ;
; AUTO_CASCADE_CHAINS    ; ON             ; AUTO_CASCADE           ;
; IGNORE_CASCADE_BUFFERS ; OFF            ; IGNORE_CASCADE         ;
+------------------------+----------------+------------------------+
Note: In order to hide this table in the UI and the text report file, please set the "Show Parameter Settings in Synthesis Report" option in "Analysis and Synthesis Settings -> More Settings" to "Off".


+------------------------------------------------------------------+
; Parameter Settings for Inferred Entity Instance: lpm_divide:Div0 ;
+------------------------+----------------+------------------------+
; Parameter Name         ; Value          ; Type                   ;
+------------------------+----------------+------------------------+
; LPM_WIDTHN             ; 8              ; Untyped                ;
; LPM_WIDTHD             ; 4              ; Untyped                ;
; LPM_NREPRESENTATION    ; UNSIGNED       ; Untyped                ;
; LPM_DREPRESENTATION    ; UNSIGNED       ; Untyped                ;
; LPM_PIPELINE           ; 0              ; Untyped                ;
; LPM_REMAINDERPOSITIVE  ; TRUE           ; Untyped                ;
; MAXIMIZE_SPEED         ; 5              ; Untyped                ;
; CBXI_PARAMETER         ; lpm_divide_5am ; Untyped                ;
; CARRY_CHAIN            ; MANUAL         ; Untyped                ;
; OPTIMIZE_FOR_SPEED     ; 5              ; Untyped                ;
; AUTO_CARRY_CHAINS      ; ON             ; AUTO_CARRY             ;
; IGNORE_CARRY_BUFFERS   ; OFF            ; IGNORE_CARRY           ;
; AUTO_CASCADE_CHAINS    ; ON             ; AUTO_CASCADE           ;
; IGNORE_CASCADE_BUFFERS ; OFF            ; IGNORE_CASCADE         ;
+------------------------+----------------+------------------------+
Note: In order to hide this table in the UI and the text report file, please set the "Show Parameter Settings in Synthesis Report" option in "Analysis and Synthesis Settings -> More Settings" to "Off".


+------------------------------------------------------------------+
; Parameter Settings for Inferred Entity Instance: lpm_divide:Mod1 ;
+------------------------+----------------+------------------------+
; Parameter Name         ; Value          ; Type                   ;
+------------------------+----------------+------------------------+
; LPM_WIDTHN             ; 4              ; Untyped                ;
; LPM_WIDTHD             ; 4              ; Untyped                ;
; LPM_NREPRESENTATION    ; UNSIGNED       ; Untyped                ;
; LPM_DREPRESENTATION    ; UNSIGNED       ; Untyped                ;
; LPM_PIPELINE           ; 0              ; Untyped                ;
; LPM_REMAINDERPOSITIVE  ; TRUE           ; Untyped                ;
; MAXIMIZE_SPEED         ; 5              ; Untyped                ;
; CBXI_PARAMETER         ; lpm_divide_42m ; Untyped                ;
; CARRY_CHAIN            ; MANUAL         ; Untyped                ;
; OPTIMIZE_FOR_SPEED     ; 5              ; Untyped                ;
; AUTO_CARRY_CHAINS      ; ON             ; AUTO_CARRY             ;
; IGNORE_CARRY_BUFFERS   ; OFF            ; IGNORE_CARRY           ;
; AUTO_CASCADE_CHAINS    ; ON             ; AUTO_CASCADE           ;
; IGNORE_CASCADE_BUFFERS ; OFF            ; IGNORE_CASCADE         ;
+------------------------+----------------+------------------------+
Note: In order to hide this table in the UI and the text report file, please set the "Show Parameter Settings in Synthesis Report" option in "Analysis and Synthesis Settings -> More Settings" to "Off".


+-----------------------------------------------------+
; Post-Synthesis Netlist Statistics for Top Partition ;
+-----------------------+-----------------------------+
; Type                  ; Count                       ;
+-----------------------+-----------------------------+
; arriav_ff             ; 16                          ;
;     plain             ; 16                          ;
; arriav_lcell_comb     ; 198                         ;
;     arith             ; 85                          ;
;         0 data inputs ; 18                          ;
;         1 data inputs ; 11                          ;
;         2 data inputs ; 8                           ;
;         3 data inputs ; 36                          ;
;         4 data inputs ; 12                          ;
;     normal            ; 98                          ;
;         1 data inputs ; 7                           ;
;         2 data inputs ; 24                          ;
;         3 data inputs ; 15                          ;
;         4 data inputs ; 49                          ;
;         5 data inputs ; 3                           ;
;     shared            ; 15                          ;
;         0 data inputs ; 3                           ;
;         1 data inputs ; 12                          ;
; boundary_port         ; 54                          ;
;                       ;                             ;
; Max LUT depth         ; 14.60                       ;
; Average LUT depth     ; 11.62                       ;
+-----------------------+-----------------------------+


+-------------------------------+
; Elapsed Time Per Partition    ;
+----------------+--------------+
; Partition Name ; Elapsed Time ;
+----------------+--------------+
; Top            ; 00:00:02     ;
+----------------+--------------+


+-------------------------------+
; Analysis & Synthesis Messages ;
+-------------------------------+
Info: *******************************************************************
Info: Running Quartus Prime Analysis & Synthesis
    Info: Version 18.1.0 Build 625 09/12/2018 SJ Lite Edition
    Info: Processing started: Fri Feb 17 22:18:55 2023
Info: Command: quartus_map --read_settings_files=on --write_settings_files=off part2 -c part2
Warning (18236): Number of processors has not been specified which may cause overloading on shared machines.  Set the global assignment NUM_PARALLEL_PROCESSORS in your QSF to an appropriate value for best performance.
Info (20030): Parallel compilation is enabled and will use 4 of the 4 processors detected
Info (12021): Found 2 design units, including 1 entities, in source file part2.vhd
    Info (12022): Found design unit 1: part2-part2arch File: C:/Users/fishr/Documents/UBC/CPEN 312/Lab 2/part2.vhd Line: 25
    Info (12023): Found entity 1: part2 File: C:/Users/fishr/Documents/UBC/CPEN 312/Lab 2/part2.vhd Line: 6
Info (12021): Found 2 design units, including 1 entities, in source file part1.vhd
    Info (12022): Found design unit 1: part1-part1arch File: C:/Users/fishr/Documents/UBC/CPEN 312/Lab 2/part1.vhd Line: 17
    Info (12023): Found entity 1: part1 File: C:/Users/fishr/Documents/UBC/CPEN 312/Lab 2/part1.vhd Line: 6
Info (12127): Elaborating entity "part2" for the top level hierarchy
Warning (10492): VHDL Process Statement warning at part2.vhd(125): signal "add_sub" is read inside the Process Statement but isn't in the Process Statement's sensitivity list File: C:/Users/fishr/Documents/UBC/CPEN 312/Lab 2/part2.vhd Line: 125
Warning (10492): VHDL Process Statement warning at part2.vhd(126): signal "num1" is read inside the Process Statement but isn't in the Process Statement's sensitivity list File: C:/Users/fishr/Documents/UBC/CPEN 312/Lab 2/part2.vhd Line: 126
Warning (10492): VHDL Process Statement warning at part2.vhd(126): signal "num2" is read inside the Process Statement but isn't in the Process Statement's sensitivity list File: C:/Users/fishr/Documents/UBC/CPEN 312/Lab 2/part2.vhd Line: 126
Warning (10492): VHDL Process Statement warning at part2.vhd(128): signal "num1" is read inside the Process Statement but isn't in the Process Statement's sensitivity list File: C:/Users/fishr/Documents/UBC/CPEN 312/Lab 2/part2.vhd Line: 128
Warning (10492): VHDL Process Statement warning at part2.vhd(128): signal "num2" is read inside the Process Statement but isn't in the Process Statement's sensitivity list File: C:/Users/fishr/Documents/UBC/CPEN 312/Lab 2/part2.vhd Line: 128
Warning (10492): VHDL Process Statement warning at part2.vhd(134): signal "disp_num1" is read inside the Process Statement but isn't in the Process Statement's sensitivity list File: C:/Users/fishr/Documents/UBC/CPEN 312/Lab 2/part2.vhd Line: 134
Warning (10492): VHDL Process Statement warning at part2.vhd(135): signal "disp_num1" is read inside the Process Statement but isn't in the Process Statement's sensitivity list File: C:/Users/fishr/Documents/UBC/CPEN 312/Lab 2/part2.vhd Line: 135
Warning (10492): VHDL Process Statement warning at part2.vhd(138): signal "disp_num1" is read inside the Process Statement but isn't in the Process Statement's sensitivity list File: C:/Users/fishr/Documents/UBC/CPEN 312/Lab 2/part2.vhd Line: 138
Warning (10492): VHDL Process Statement warning at part2.vhd(142): signal "disp_num2" is read inside the Process Statement but isn't in the Process Statement's sensitivity list File: C:/Users/fishr/Documents/UBC/CPEN 312/Lab 2/part2.vhd Line: 142
Info (278001): Inferred 3 megafunctions from design logic
    Info (278004): Inferred divider/modulo megafunction ("lpm_divide") from the following logic: "Mod0" File: C:/Users/fishr/Documents/UBC/CPEN 312/Lab 2/part2.vhd Line: 131
    Info (278004): Inferred divider/modulo megafunction ("lpm_divide") from the following logic: "Div0" File: C:/Users/fishr/Documents/UBC/CPEN 312/Lab 2/part2.vhd Line: 132
    Info (278004): Inferred divider/modulo megafunction ("lpm_divide") from the following logic: "Mod1" File: C:/Users/fishr/Documents/UBC/CPEN 312/Lab 2/part2.vhd Line: 135
Info (12130): Elaborated megafunction instantiation "lpm_divide:Mod0" File: C:/Users/fishr/Documents/UBC/CPEN 312/Lab 2/part2.vhd Line: 131
Info (12133): Instantiated megafunction "lpm_divide:Mod0" with the following parameter: File: C:/Users/fishr/Documents/UBC/CPEN 312/Lab 2/part2.vhd Line: 131
    Info (12134): Parameter "LPM_WIDTHN" = "8"
    Info (12134): Parameter "LPM_WIDTHD" = "8"
    Info (12134): Parameter "LPM_NREPRESENTATION" = "UNSIGNED"
    Info (12134): Parameter "LPM_DREPRESENTATION" = "UNSIGNED"
Info (12021): Found 1 design units, including 1 entities, in source file db/lpm_divide_c2m.tdf
    Info (12023): Found entity 1: lpm_divide_c2m File: C:/Users/fishr/Documents/UBC/CPEN 312/Lab 2/db/lpm_divide_c2m.tdf Line: 24
Info (12021): Found 1 design units, including 1 entities, in source file db/sign_div_unsign_fkh.tdf
    Info (12023): Found entity 1: sign_div_unsign_fkh File: C:/Users/fishr/Documents/UBC/CPEN 312/Lab 2/db/sign_div_unsign_fkh.tdf Line: 24
Info (12021): Found 1 design units, including 1 entities, in source file db/alt_u_div_4te.tdf
    Info (12023): Found entity 1: alt_u_div_4te File: C:/Users/fishr/Documents/UBC/CPEN 312/Lab 2/db/alt_u_div_4te.tdf Line: 22
Info (12130): Elaborated megafunction instantiation "lpm_divide:Div0" File: C:/Users/fishr/Documents/UBC/CPEN 312/Lab 2/part2.vhd Line: 132
Info (12133): Instantiated megafunction "lpm_divide:Div0" with the following parameter: File: C:/Users/fishr/Documents/UBC/CPEN 312/Lab 2/part2.vhd Line: 132
    Info (12134): Parameter "LPM_WIDTHN" = "8"
    Info (12134): Parameter "LPM_WIDTHD" = "4"
    Info (12134): Parameter "LPM_NREPRESENTATION" = "UNSIGNED"
    Info (12134): Parameter "LPM_DREPRESENTATION" = "UNSIGNED"
Info (12021): Found 1 design units, including 1 entities, in source file db/lpm_divide_5am.tdf
    Info (12023): Found entity 1: lpm_divide_5am File: C:/Users/fishr/Documents/UBC/CPEN 312/Lab 2/db/lpm_divide_5am.tdf Line: 24
Info (12021): Found 1 design units, including 1 entities, in source file db/sign_div_unsign_bkh.tdf
    Info (12023): Found entity 1: sign_div_unsign_bkh File: C:/Users/fishr/Documents/UBC/CPEN 312/Lab 2/db/sign_div_unsign_bkh.tdf Line: 24
Info (12021): Found 1 design units, including 1 entities, in source file db/alt_u_div_sse.tdf
    Info (12023): Found entity 1: alt_u_div_sse File: C:/Users/fishr/Documents/UBC/CPEN 312/Lab 2/db/alt_u_div_sse.tdf Line: 22
Info (12130): Elaborated megafunction instantiation "lpm_divide:Mod1" File: C:/Users/fishr/Documents/UBC/CPEN 312/Lab 2/part2.vhd Line: 135
Info (12133): Instantiated megafunction "lpm_divide:Mod1" with the following parameter: File: C:/Users/fishr/Documents/UBC/CPEN 312/Lab 2/part2.vhd Line: 135
    Info (12134): Parameter "LPM_WIDTHN" = "4"
    Info (12134): Parameter "LPM_WIDTHD" = "4"
    Info (12134): Parameter "LPM_NREPRESENTATION" = "UNSIGNED"
    Info (12134): Parameter "LPM_DREPRESENTATION" = "UNSIGNED"
Info (12021): Found 1 design units, including 1 entities, in source file db/lpm_divide_42m.tdf
    Info (12023): Found entity 1: lpm_divide_42m File: C:/Users/fishr/Documents/UBC/CPEN 312/Lab 2/db/lpm_divide_42m.tdf Line: 24
Info (12021): Found 1 design units, including 1 entities, in source file db/sign_div_unsign_7kh.tdf
    Info (12023): Found entity 1: sign_div_unsign_7kh File: C:/Users/fishr/Documents/UBC/CPEN 312/Lab 2/db/sign_div_unsign_7kh.tdf Line: 24
Info (12021): Found 1 design units, including 1 entities, in source file db/alt_u_div_kse.tdf
    Info (12023): Found entity 1: alt_u_div_kse File: C:/Users/fishr/Documents/UBC/CPEN 312/Lab 2/db/alt_u_div_kse.tdf Line: 22
Info (286030): Timing-Driven Synthesis is running
Info (16010): Generating hard_block partition "hard_block:auto_generated_inst"
    Info (16011): Adding 0 node(s), including 0 DDIO, 0 PLL, 0 transceiver and 0 LCELL
Info (21057): Implemented 261 device resources after synthesis - the final resource count might be different
    Info (21058): Implemented 11 input pins
    Info (21059): Implemented 43 output pins
    Info (21061): Implemented 207 logic cells
Info: Quartus Prime Analysis & Synthesis was successful. 0 errors, 10 warnings
    Info: Peak virtual memory: 4867 megabytes
    Info: Processing ended: Fri Feb 17 22:19:18 2023
    Info: Elapsed time: 00:00:23
    Info: Total CPU time (on all processors): 00:00:24


